0 info it worked if it ends with ok
1 verbose cli [ 'C:\\Program Files\\nodejs\\node.exe',
1 verbose cli   'C:\\Users\\b.semykras\\AppData\\Roaming\\npm\\node_modules\\npm\\bin\\npm-cli.js',
1 verbose cli   'start' ]
2 info using npm@3.10.9
3 info using node@v8.0.0
4 verbose run-script [ 'prestart', 'start', 'poststart' ]
5 info lifecycle timePlanner@1.0.0~prestart: timePlanner@1.0.0
6 silly lifecycle timePlanner@1.0.0~prestart: no script for prestart, continuing
7 info lifecycle timePlanner@1.0.0~start: timePlanner@1.0.0
8 verbose lifecycle timePlanner@1.0.0~start: unsafe-perm in lifecycle true
9 verbose lifecycle timePlanner@1.0.0~start: PATH: C:\Users\b.semykras\AppData\Roaming\npm\node_modules\npm\bin\node-gyp-bin;C:\work\TimePlanner\node_modules\.bin;C:\ProgramData\Oracle\Java\javapath;C:\Windows\system32;C:\Windows;C:\Windows\System32\Wbem;C:\Windows\System32\WindowsPowerShell\v1.0\;C:\Windows\system32\config\systemprofile\.dnx\bin;C:\Program Files\Microsoft DNX\Dnvm\;C:\Program Files\Microsoft SQL Server\130\Tools\Binn\;C:\Program Files\Microsoft SQL Server\Client SDK\ODBC\110\Tools\Binn\;C:\Program Files (x86)\Microsoft SQL Server\120\Tools\Binn\ManagementStudio\;C:\Program Files (x86)\Microsoft SQL Server\120\Tools\Binn\;C:\Program Files\Microsoft SQL Server\120\Tools\Binn\;C:\Program Files (x86)\Microsoft SQL Server\120\DTS\Binn\;C:\Program Files\Git\cmd;C:\Program Files\Microsoft SQL Server\120\DTS\Binn\;C:\Program Files (x86)\Bitvise SSH Client;C:\Program Files\dotnet\;C:\Program Files\Anaconda3;C:\Program Files\Anaconda3\Scripts;C:\Program Files\Anaconda3\Library\bin;C:\Program Files\nodejs\;C:\Program Files\Liquid Technologies\Liquid Studio 2017\XmlDataBinder15\Redist15\cpp\win32\bin;C:\Program Files\Liquid Technologies\Liquid Studio 2017\XmlDataBinder15\Redist15\cpp\win64\bin;C:\Program Files (x86)\Skype\Phone\;C:\Users\b.semykras\AppData\Roaming\npm;C:\Program Files (x86)\Microsoft VS Code\bin
10 verbose lifecycle timePlanner@1.0.0~start: CWD: C:\work\TimePlanner
11 silly lifecycle timePlanner@1.0.0~start: Args: [ '/d /s /c',
11 silly lifecycle   'tsc && concurrently "npm run tsc:w" "npm run lite" ' ]
12 silly lifecycle timePlanner@1.0.0~start: Returned: code: 1  signal: null
13 info lifecycle timePlanner@1.0.0~start: Failed to exec start script
14 verbose stack Error: timePlanner@1.0.0 start: `tsc && concurrently "npm run tsc:w" "npm run lite" `
14 verbose stack Exit status 1
14 verbose stack     at EventEmitter.<anonymous> (C:\Users\b.semykras\AppData\Roaming\npm\node_modules\npm\lib\utils\lifecycle.js:255:16)
14 verbose stack     at emitTwo (events.js:125:13)
14 verbose stack     at EventEmitter.emit (events.js:213:7)
14 verbose stack     at ChildProcess.<anonymous> (C:\Users\b.semykras\AppData\Roaming\npm\node_modules\npm\lib\utils\spawn.js:40:14)
14 verbose stack     at emitTwo (events.js:125:13)
14 verbose stack     at ChildProcess.emit (events.js:213:7)
14 verbose stack     at maybeClose (internal/child_process.js:887:16)
14 verbose stack     at Process.ChildProcess._handle.onexit (internal/child_process.js:208:5)
15 verbose pkgid timePlanner@1.0.0
16 verbose cwd C:\work\TimePlanner
17 error Windows_NT 10.0.10586
18 error argv "C:\\Program Files\\nodejs\\node.exe" "C:\\Users\\b.semykras\\AppData\\Roaming\\npm\\node_modules\\npm\\bin\\npm-cli.js" "start"
19 error node v8.0.0
20 error npm  v3.10.9
21 error code ELIFECYCLE
22 error timePlanner@1.0.0 start: `tsc && concurrently "npm run tsc:w" "npm run lite" `
22 error Exit status 1
23 error Failed at the timePlanner@1.0.0 start script 'tsc && concurrently "npm run tsc:w" "npm run lite" '.
23 error Make sure you have the latest version of node.js and npm installed.
23 error If you do, this is most likely a problem with the timePlanner package,
23 error not with npm itself.
23 error Tell the author that this fails on your system:
23 error     tsc && concurrently "npm run tsc:w" "npm run lite"
23 error You can get information on how to open an issue for this project with:
23 error     npm bugs timePlanner
23 error Or if that isn't available, you can get their info via:
23 error     npm owner ls timePlanner
23 error There is likely additional logging output above.
24 verbose exit [ 1, true ]
